This is XeTeX, Version 3.14159265-2.6-0.999992 (TeX Live 2020/Arch Linux) (preloaded format=xelatex 2021.3.3)  13 MAR 2021 21:45
entering extended mode
 restricted \write18 enabled.
 file:line:error style messages enabled.
 %&-line parsing enabled.
**"/home/axo/Documents/AxoCloud/Frag Henri/AutoRechnungen/invoice"
(/home/axo/Documents/AxoCloud/Frag Henri/AutoRechnungen/invoice.tex
LaTeX2e <2020-10-01> patch level 2
L3 programming layer <2020-12-03> xparse <2020-03-03> (/usr/share/texmf-dist/tex/latex/base/article.cls
Document Class: article 2020/04/10 v1.4m Standard LaTeX document class
(/usr/share/texmf-dist/tex/latex/base/size10.clo
File: size10.clo 2020/04/10 v1.4m Standard LaTeX file (size option)
)
\c@part=\count173
\c@section=\count174
\c@subsection=\count175
\c@subsubsection=\count176
\c@paragraph=\count177
\c@subparagraph=\count178
\c@figure=\count179
\c@table=\count180
\abovecaptionskip=\skip47
\belowcaptionskip=\skip48
\bibindent=\dimen138
) (/usr/share/texmf-dist/tex/latex/geometry/geometry.sty
Package: geometry 2020/01/02 v5.9 Page Geometry
 (/usr/share/texmf-dist/tex/latex/graphics/keyval.sty
Package: keyval 2014/10/28 v1.15 key=value parser (DPC)
\KV@toks@=\toks15
) (/usr/share/texmf-dist/tex/generic/iftex/ifvtex.sty
Package: ifvtex 2019/10/25 v1.7 ifvtex legacy package. Use iftex instead.
 (/usr/share/texmf-dist/tex/generic/iftex/iftex.sty
Package: iftex 2020/03/06 v1.0d TeX engine tests
))
\Gm@cnth=\count181
\Gm@cntv=\count182
\c@Gm@tempcnt=\count183
\Gm@bindingoffset=\dimen139
\Gm@wd@mp=\dimen140
\Gm@odd@mp=\dimen141
\Gm@even@mp=\dimen142
\Gm@layoutwidth=\dimen143
\Gm@layoutheight=\dimen144
\Gm@layouthoffset=\dimen145
\Gm@layoutvoffset=\dimen146
\Gm@dimlist=\toks16
)

/home/axo/Documents/AxoCloud/Frag Henri/AutoRechnungen/invoice.tex:9: Package keyval Error: $geometry$ undefined.

See the keyval package documentation for explanation.
Type  H <return>  for immediate help.
 ...                                              
                                                  
l.9 \geometry{$geometry$}
                         
Try typing  <return>  to proceed.
If that doesn't work, type  X <return>  to quit.

(/usr/share/texmf-dist/tex/latex/ragged2e/ragged2e.sty
Package: ragged2e 2019/07/28 v2.2 ragged2e Package (MS)
 (/usr/share/texmf-dist/tex/latex/ms/everysel.sty
Package: everysel 2011/10/28 v1.2 EverySelectfont Package (MS)
) (/usr/share/texmf-dist/tex/latex/footmisc/footmisc.sty
Package: footmisc 2011/06/06 v5.5b a miscellany of footnote facilities
\FN@temptoken=\toks17
\footnotemargin=\dimen147
\c@pp@next@reset=\count184
Package footmisc Info: Declaring symbol style bringhurst on input line 855.
Package footmisc Info: Declaring symbol style chicago on input line 863.
Package footmisc Info: Declaring symbol style wiley on input line 872.
Package footmisc Info: Declaring symbol style lamport-robust on input line 883.
Package footmisc Info: Declaring symbol style lamport* on input line 903.
Package footmisc Info: Declaring symbol style lamport*-robust on input line 924.
)
\CenteringLeftskip=\skip49
\RaggedLeftLeftskip=\skip50
\RaggedRightLeftskip=\skip51
\CenteringRightskip=\skip52
\RaggedLeftRightskip=\skip53
\RaggedRightRightskip=\skip54
\CenteringParfillskip=\skip55
\RaggedLeftParfillskip=\skip56
\RaggedRightParfillskip=\skip57
\JustifyingParfillskip=\skip58
\CenteringParindent=\skip59
\RaggedLeftParindent=\skip60
\RaggedRightParindent=\skip61
\JustifyingParindent=\skip62
)

/home/axo/Documents/AxoCloud/Frag Henri/AutoRechnungen/invoice.tex:17: LaTeX Error: Missing \begin{document}.

See the LaTeX manual or LaTeX Companion for explanation.
Type  H <return>  for immediate help.
 ...                                              
                                                  
l.17 $
      if(letterhead)$
You're in trouble here.  Try typing  <return>  to proceed.
If that doesn't work, type  X <return>  to quit.

LaTeX Font Info:    External font `cmex10' loaded for size
(Font)              <7> on input line 17.
LaTeX Font Info:    External font `cmex10' loaded for size
(Font)              <5> on input line 17.
(/usr/share/texmf-dist/tex/latex/wallpaper/wallpaper.sty
Package: wallpaper 2005/01/18, v1.01 easy wallpaper formatting (MHFW)
 (/usr/share/texmf-dist/tex/latex/base/ifthen.sty
Package: ifthen 2014/09/29 v1.1c Standard LaTeX ifthen package (DPC)
) (/usr/share/texmf-dist/tex/latex/tools/calc.sty
Package: calc 2017/05/25 v4.3 Infix arithmetic (KKT,FJ)
\calc@Acount=\count185
\calc@Bcount=\count186
\calc@Adimen=\dimen148
\calc@Bdimen=\dimen149
\calc@Askip=\skip63
\calc@Bskip=\skip64
LaTeX Info: Redefining \setlength on input line 80.
LaTeX Info: Redefining \addtolength on input line 81.
\calc@Ccount=\count187
\calc@Cskip=\skip65
) (/usr/share/texmf-dist/tex/latex/eso-pic/eso-pic.sty
Package: eso-pic 2020/10/14 v3.0a eso-pic (RN)
\ESO@tempdima=\dimen150
\ESO@tempdimb=\dimen151
 (/usr/share/texmf-dist/tex/latex/xcolor/xcolor.sty
Package: xcolor 2016/05/11 v2.12 LaTeX color extensions (UK)
 (/usr/share/texmf-dist/tex/latex/graphics-cfg/color.cfg
File: color.cfg 2016/01/02 v1.6 sample color configuration
)
Package xcolor Info: Driver file: xetex.def on input line 225.
 (/usr/share/texmf-dist/tex/latex/graphics-def/xetex.def
File: xetex.def 2020/08/26 v5.0i Graphics/color driver for xetex
)
Package xcolor Info: Model `cmy' substituted by `cmy0' on input line 1348.
Package xcolor Info: Model `RGB' extended on input line 1364.
Package xcolor Info: Model `HTML' substituted by `rgb' on input line 1366.
Package xcolor Info: Model `Hsb' substituted by `hsb' on input line 1367.
Package xcolor Info: Model `tHsb' substituted by `hsb' on input line 1368.
Package xcolor Info: Model `HSB' substituted by `hsb' on input line 1369.
Package xcolor Info: Model `Gray' substituted by `gray' on input line 1370.
Package xcolor Info: Model `wave' substituted by `hsb' on input line 1371.
)) (/usr/share/texmf-dist/tex/latex/graphics/graphicx.sty
Package: graphicx 2020/09/09 v1.2b Enhanced LaTeX Graphics (DPC,SPQR)
 (/usr/share/texmf-dist/tex/latex/graphics/graphics.sty
Package: graphics 2020/08/30 v1.4c Standard LaTeX Graphics (DPC,SPQR)
 (/usr/share/texmf-dist/tex/latex/graphics/trig.sty
Package: trig 2016/01/03 v1.10 sin cos tan (DPC)
) (/usr/share/texmf-dist/tex/latex/graphics-cfg/graphics.cfg
File: graphics.cfg 2016/06/04 v1.11 sample graphics configuration
)
Package graphics Info: Driver file: xetex.def on input line 105.
)
\Gin@req@height=\dimen152
\Gin@req@width=\dimen153
)
\wpXoffset=\skip66
\wpYoffset=\skip67
\tileXoffset=\skip68
\tileYoffset=\skip69
\tilewidth=\skip70
\tileheight=\skip71
\tileX=\skip72
\tileY=\skip73
)

/home/axo/Documents/AxoCloud/Frag Henri/AutoRechnungen/invoice.tex:21: LaTeX Error: Missing \begin{document}.

See the LaTeX manual or LaTeX Companion for explanation.
Type  H <return>  for immediate help.
 ...                                              
                                                  
l.21 $
      endif$
You're in trouble here.  Try typing  <return>  to proceed.
If that doesn't work, type  X <return>  to quit.

(/usr/share/texmf-dist/tex/latex/fontspec/fontspec.sty (/usr/share/texmf-dist/tex/latex/l3packages/xparse/xparse.sty (/usr/share/texmf-dist/tex/latex/l3kernel/expl3.sty
Package: expl3 2020-12-03 L3 programming layer (loader) 
 (/usr/share/texmf-dist/tex/latex/l3backend/l3backend-xetex.def
File: l3backend-xetex.def 2020-09-24 L3 backend support: XeTeX
\g__graphics_track_int=\count188
\l__pdf_internal_box=\box47
\g__pdf_backend_object_int=\count189
\g__pdf_backend_annotation_int=\count190
))
Package: xparse 2020-10-27 L3 Experimental document command parser
 (/usr/share/texmf-dist/tex/latex/l3packages/xparse/xparse-generic.tex))
Package: fontspec 2020/02/21 v2.7i Font selection for XeLaTeX and LuaLaTeX
 (/usr/share/texmf-dist/tex/latex/fontspec/fontspec-xetex.sty
Package: fontspec-xetex 2020/02/21 v2.7i Font selection for XeLaTeX and LuaLaTeX
\l__fontspec_script_int=\count191
\l__fontspec_language_int=\count192
\l__fontspec_strnum_int=\count193
\l__fontspec_tmp_int=\count194
\l__fontspec_tmpa_int=\count195
\l__fontspec_tmpb_int=\count196
\l__fontspec_tmpc_int=\count197
\l__fontspec_em_int=\count198
\l__fontspec_emdef_int=\count199
\l__fontspec_strong_int=\count266
\l__fontspec_strongdef_int=\count267
\l__fontspec_tmpa_dim=\dimen154
\l__fontspec_tmpb_dim=\dimen155
\l__fontspec_tmpc_dim=\dimen156
 (/usr/share/texmf-dist/tex/latex/base/fontenc.sty
Package: fontenc 2020/08/10 v2.0s Standard LaTeX package
) (/usr/share/texmf-dist/tex/latex/fontspec/fontspec.cfg))) (/usr/share/texmf-dist/tex/xelatex/xunicode/xunicode.sty
File: xunicode.sty 2011/09/09 v0.981 provides access to latin accents and many other characters in Unicode lower plane
 (/usr/share/texmf-dist/tex/latex/tipa/t3enc.def
File: t3enc.def 2001/12/31 T3 encoding
)
\tipaTiiicode=\count268
\tipasavetokens=\toks18
\tipachecktokens=\toks19
) (/usr/share/texmf-dist/tex/xelatex/xltxtra/xltxtra.sty
Package: xltxtra 2018/12/31 v0.7 Improvements for the "XeLaTeX" format
 (/usr/share/texmf-dist/tex/generic/iftex/ifluatex.sty
Package: ifluatex 2019/10/25 v1.5 ifluatex legacy package. Use iftex instead.
) (/usr/share/texmf-dist/tex/generic/iftex/ifxetex.sty
Package: ifxetex 2019/10/25 v0.7 ifxetex legacy package. Use iftex instead.
) (/usr/share/texmf-dist/tex/latex/realscripts/realscripts.sty
Package: realscripts 2016/02/13 v0.3d Access OpenType subscripts and superscripts
\subsupersep=\dimen157
) (/usr/share/texmf-dist/tex/latex/metalogo/metalogo.sty
Package: metalogo 2010/05/29 v0.12 Extended TeX logo macros
\xl@everylogo=\toks20
\xl@@everylogo=\toks21
LaTeX Info: Redefining \TeX on input line 193.
LaTeX Info: Redefining \LaTeX on input line 202.
LaTeX Info: Redefining \LaTeXe on input line 219.
)
\l__xetex_show_hyphens_wrapping_box=\box48
\l__xetex_show_hyphens_temp_box=\box49
\l__xetex_show_hyphens_final_box=\box50
\g__xetex_show_hyphens_word_box=\box51
)

/home/axo/Documents/AxoCloud/Frag Henri/AutoRechnungen/invoice.tex:32: Package fontspec Error: The font "$seriffont$" cannot be found.

For immediate help type H <return>.
 ...                                              
                                                  
l.32 \setsansfont
                 [Scale=0.9]{$sansfont$}

A font might not be found for many reasons.
 Check the spelling, where the font is installed etc. etc.

 When in doubt, ask someone for help!



Package fontspec Info: Could not resolve font "$seriffont$/BI" (it probably
(fontspec)             doesn't exist).


Package fontspec Info: Could not resolve font "$seriffont$/B" (it probably
(fontspec)             doesn't exist).


Package fontspec Info: Could not resolve font "$seriffont$/I" (it probably
(fontspec)             doesn't exist).


/home/axo/Documents/AxoCloud/Frag Henri/AutoRechnungen/invoice.tex:32: Package fontspec Error: The font "$seriffont$" cannot be found.

For immediate help type H <return>.
 ...                                              
                                                  
l.32 \setsansfont
                 [Scale=0.9]{$sansfont$}

A font might not be found for many reasons.
 Check the spelling, where the font is installed etc. etc.

 When in doubt, ask someone for help!



/home/axo/Documents/AxoCloud/Frag Henri/AutoRechnungen/invoice.tex:32: Package fontspec Error: The font "$seriffont$" cannot be found.

For immediate help type H <return>.
 ...                                              
                                                  
l.32 \setsansfont
                 [Scale=0.9]{$sansfont$}

A font might not be found for many reasons.
 Check the spelling, where the font is installed etc. etc.

 When in doubt, ask someone for help!



Package fontspec Info: Font family '$seriffont$(0)' created for font
(fontspec)             '$seriffont$' with options
(fontspec)             [Mapping=tex-text,Ligatures=TeX,Ligatures={Common},Numbers={OldStyle}].
(fontspec)              
(fontspec)              This font family consists of the following NFSS
(fontspec)             series/shapes:
(fontspec)              
(fontspec)             - 'normal' (m/n) with NFSS spec.: <->"$seriffont$"
(fontspec)             - 'small caps'  (m/sc) with NFSS spec.:
(fontspec)             <->"$seriffont$"

/home/axo/Documents/AxoCloud/Frag Henri/AutoRechnungen/invoice.tex:32: Font TU/$seriffont$(0)/m/n/10=$seriffont$ at 10.0pt not loadable: Metric (TFM) file or installed font not found.
<to be read again> 
                   relax 
l.32 \setsansfont
                 [Scale=0.9]{$sansfont$}
I wasn't able to read the size data for this font,
so I will ignore the font specification.
[Wizards can fix TFM files using TFtoPL/PLtoTF.]
You might try inserting a different font spec;
e.g., type `I\font<same font id>=<substitute font name>'.


/home/axo/Documents/AxoCloud/Frag Henri/AutoRechnungen/invoice.tex:33: Package fontspec Error: The font "$sansfont$" cannot be found.

For immediate help type H <return>.
 ...                                              
                                                  
l.33 
     

A font might not be found for many reasons.
 Check the spelling, where the font is installed etc. etc.

 When in doubt, ask someone for help!



Package fontspec Info: Could not resolve font "$sansfont$/BI" (it probably
(fontspec)             doesn't exist).


Package fontspec Info: Could not resolve font "$sansfont$/B" (it probably
(fontspec)             doesn't exist).


Package fontspec Info: Could not resolve font "$sansfont$/I" (it probably
(fontspec)             doesn't exist).


/home/axo/Documents/AxoCloud/Frag Henri/AutoRechnungen/invoice.tex:33: Package fontspec Error: The font "$sansfont$" cannot be found.

For immediate help type H <return>.
 ...                                              
                                                  
l.33 
     

A font might not be found for many reasons.
 Check the spelling, where the font is installed etc. etc.

 When in doubt, ask someone for help!



/home/axo/Documents/AxoCloud/Frag Henri/AutoRechnungen/invoice.tex:33: Package fontspec Error: The font "$sansfont$" cannot be found.

For immediate help type H <return>.
 ...                                              
                                                  
l.33 
     

A font might not be found for many reasons.
 Check the spelling, where the font is installed etc. etc.

 When in doubt, ask someone for help!



Package fontspec Info: Font family '$sansfont$(0)' created for font
(fontspec)             '$sansfont$' with options
(fontspec)             [Mapping=tex-text,Ligatures=TeX,Scale=0.9].
(fontspec)              
(fontspec)              This font family consists of the following NFSS
(fontspec)             series/shapes:
(fontspec)              
(fontspec)             - 'normal' (m/n) with NFSS spec.:
(fontspec)             <->s*[0.9]"$sansfont$"
(fontspec)             - 'small caps'  (m/sc) with NFSS spec.:
(fontspec)             <->s*[0.9]"$sansfont$"


/home/axo/Documents/AxoCloud/Frag Henri/AutoRechnungen/invoice.tex:40: LaTeX Error: Missing \begin{document}.

See the LaTeX manual or LaTeX Companion for explanation.
Type  H <return>  for immediate help.
 ...                                              
                                                  
l.40 $
      if(seriffont)$
You're in trouble here.  Try typing  <return>  to proceed.
If that doesn't work, type  X <return>  to quit.


/home/axo/Documents/AxoCloud/Frag Henri/AutoRechnungen/invoice.tex:42: Package fontspec Error: The font "$seriffont$" cannot be found.

For immediate help type H <return>.
 ...                                              
                                                  
l.42 $
      endif$

A font might not be found for many reasons.
 Check the spelling, where the font is installed etc. etc.

 When in doubt, ask someone for help!



Package fontspec Info: Could not resolve font "$seriffont$/BI" (it probably
(fontspec)             doesn't exist).


Package fontspec Info: Could not resolve font "$seriffont$/B" (it probably
(fontspec)             doesn't exist).


Package fontspec Info: Could not resolve font "$seriffont$/I" (it probably
(fontspec)             doesn't exist).


/home/axo/Documents/AxoCloud/Frag Henri/AutoRechnungen/invoice.tex:42: Package fontspec Error: The font "$seriffont$" cannot be found.

For immediate help type H <return>.
 ...                                              
                                                  
l.42 $
      endif$

A font might not be found for many reasons.
 Check the spelling, where the font is installed etc. etc.

 When in doubt, ask someone for help!



/home/axo/Documents/AxoCloud/Frag Henri/AutoRechnungen/invoice.tex:42: Package fontspec Error: The font "$seriffont$" cannot be found.

For immediate help type H <return>.
 ...                                              
                                                  
l.42 $
      endif$

A font might not be found for many reasons.
 Check the spelling, where the font is installed etc. etc.

 When in doubt, ask someone for help!



Package fontspec Info: Font family '$seriffont$(1)' created for font
(fontspec)             '$seriffont$' with options
(fontspec)             [Mapping=tex-text,Ligatures=TeX,SmallCapsFeatures={LetterSpace=5,Letters=SmallCaps}].
(fontspec)              
(fontspec)              This font family consists of the following NFSS
(fontspec)             series/shapes:
(fontspec)              
(fontspec)             - 'normal' (m/n) with NFSS spec.: <->"$seriffont$"
(fontspec)             - 'small caps'  (m/sc) with NFSS spec.:
(fontspec)             <->"$seriffont$:letterspace=5;"

/home/axo/Documents/AxoCloud/Frag Henri/AutoRechnungen/invoice.tex:42: Font TU/$seriffont$(1)/m/n/10=$seriffont$ at 10.0pt not loadable: Metric (TFM) file or installed font not found.
<to be read again> 
                   relax 
l.42 $
      endif$
I wasn't able to read the size data for this font,
so I will ignore the font specification.
[Wizards can fix TFM files using TFtoPL/PLtoTF.]
You might try inserting a different font spec;
e.g., type `I\font<same font id>=<substitute font name>'.


/home/axo/Documents/AxoCloud/Frag Henri/AutoRechnungen/invoice.tex:45: Package fontspec Error: The font "$sansfont$" cannot be found.

For immediate help type H <return>.
 ...                                              
                                                  
l.45 $
      endif$

A font might not be found for many reasons.
 Check the spelling, where the font is installed etc. etc.

 When in doubt, ask someone for help!



Package fontspec Info: Could not resolve font "$sansfont$/BI" (it probably
(fontspec)             doesn't exist).


Package fontspec Info: Could not resolve font "$sansfont$/B" (it probably
(fontspec)             doesn't exist).


Package fontspec Info: Could not resolve font "$sansfont$/I" (it probably
(fontspec)             doesn't exist).


/home/axo/Documents/AxoCloud/Frag Henri/AutoRechnungen/invoice.tex:45: Package fontspec Error: The font "$sansfont$" cannot be found.

For immediate help type H <return>.
 ...                                              
                                                  
l.45 $
      endif$

A font might not be found for many reasons.
 Check the spelling, where the font is installed etc. etc.

 When in doubt, ask someone for help!



/home/axo/Documents/AxoCloud/Frag Henri/AutoRechnungen/invoice.tex:45: Package fontspec Error: The font "$sansfont$" cannot be found.

For immediate help type H <return>.
 ...                                              
                                                  
l.45 $
      endif$

A font might not be found for many reasons.
 Check the spelling, where the font is installed etc. etc.

 When in doubt, ask someone for help!



Package fontspec Info: Font family '$sansfont$(1)' created for font
(fontspec)             '$sansfont$' with options
(fontspec)             [Mapping=tex-text,Ligatures=TeX].
(fontspec)              
(fontspec)              This font family consists of the following NFSS
(fontspec)             series/shapes:
(fontspec)              
(fontspec)             - 'normal' (m/n) with NFSS spec.: <->"$sansfont$"
(fontspec)             - 'small caps'  (m/sc) with NFSS spec.: <->"$sansfont$"

(/usr/share/texmf-dist/tex/latex/tools/tabularx.sty
Package: tabularx 2020/01/15 v2.11c `tabularx' package (DPC)
 (/usr/share/texmf-dist/tex/latex/tools/array.sty
Package: array 2020/10/01 v2.5c Tabular extension package (FMi)
\col@sep=\dimen158
\ar@mcellbox=\box52
\extrarowheight=\dimen159
\NC@list=\toks22
\extratabsurround=\skip74
\backup@length=\skip75
\ar@cellbox=\box53
)
\TX@col@width=\dimen160
\TX@old@table=\dimen161
\TX@old@col=\dimen162
\TX@target=\dimen163
\TX@delta=\dimen164
\TX@cols=\count269
\TX@ftn=\toks23
) (/usr/share/texmf-dist/tex/latex/titlesec/titlesec.sty
Package: titlesec 2019/10/16 v2.13 Sectioning titles
\ttl@box=\box54
\beforetitleunit=\skip76
\aftertitleunit=\skip77
\ttl@plus=\dimen165
\ttl@minus=\dimen166
\ttl@toksa=\toks24
\titlewidth=\dimen167
\titlewidthlast=\dimen168
\titlewidthfirst=\dimen169
) (/usr/share/texmf-dist/tex/latex/arydshln/arydshln.sty
Package: arydshln 2019/02/21 v1.76 
\dashlinedash=\dimen170
\dashlinegap=\dimen171
\adl@box=\box55
\adl@height=\dimen172
\adl@heightsave=\dimen173
\adl@depth=\dimen174
\adl@depthsave=\dimen175
\adl@finaldepth=\dimen176
\adl@columns=\count270
\adl@ncol=\count271
\adl@currentcolumn=\count272
\adl@currentcolumnsave=\count273
\adl@totalheight=\count274
\adl@totalheightsave=\count275
\adl@dash=\count276
\adl@gap=\count277
\adl@cla=\count278
\adl@clb=\count279
\adl@everyvbox=\toks25
\adl@LTpagetotal=\dimen177
) (/usr/share/texmf-dist/tex/latex/tools/hhline.sty
Package: hhline 2020/01/04 v2.04 Table rule package (DPC)
) (/usr/share/texmf-dist/tex/latex/enumitem/enumitem.sty
Package: enumitem 2019/06/20 v3.9 Customized lists
\labelindent=\skip78
\enit@outerparindent=\dimen178
\enit@toks=\toks26
\enit@inbox=\box56
\enit@count@id=\count280
\enitdp@description=\count281
) (/usr/share/texmf-dist/tex/latex/tools/longtable.sty
Package: longtable 2020/01/07 v4.13 Multi-page Table package (DPC)
\LTleft=\skip79
\LTright=\skip80
\LTpre=\skip81
\LTpost=\skip82
\LTchunksize=\count282
\LTcapwidth=\dimen179
\LT@head=\box57
\LT@firsthead=\box58
\LT@foot=\box59
\LT@lastfoot=\box60
\LT@cols=\count283
\LT@rows=\count284
\c@LT@tables=\count285
\c@LT@chunks=\count286
\LT@p@ftn=\toks27
) (/usr/share/texmf-dist/tex/latex/fp/fp.sty
Package: fp 1995/04/02
 `Fixed Point Package', Version 0.8, April 2, 1995 (C) Michael Mehlich (/usr/share/texmf-dist/tex/latex/fp/defpattern.sty
Package: defpattern 1994/10/12
\actioncount=\count287
) (/usr/share/texmf-dist/tex/latex/fp/fp-basic.sty
Package: fp-basic 1996/05/13
\FP@xs=\count288
\FP@xia=\count289
\FP@xib=\count290
\FP@xfa=\count291
\FP@xfb=\count292
\FP@rega=\count293
\FP@regb=\count294
\FP@regs=\count295
\FP@times=\count296
) (/usr/share/texmf-dist/tex/latex/fp/fp-addons.sty
Package: fp-addons 1995/03/15
) (/usr/share/texmf-dist/tex/latex/fp/fp-snap.sty
Package: fp-snap 1995/04/05
) (/usr/share/texmf-dist/tex/latex/fp/fp-exp.sty
Package: fp-exp 1995/04/03
) (/usr/share/texmf-dist/tex/latex/fp/fp-trigo.sty
Package: fp-trigo 1995/04/14
) (/usr/share/texmf-dist/tex/latex/fp/fp-pas.sty
Package: fp-pas 1994/08/29
) (/usr/share/texmf-dist/tex/latex/fp/fp-random.sty
Package: fp-random 1995/02/23
\FPseed=\count297
) (/usr/share/texmf-dist/tex/latex/fp/fp-eqn.sty
Package: fp-eqn 1995/04/03
) (/usr/share/texmf-dist/tex/latex/fp/fp-upn.sty
Package: fp-upn 1996/10/21
) (/usr/share/texmf-dist/tex/latex/fp/fp-eval.sty
Package: fp-eval 1995/04/03
)) (/usr/share/texmf-dist/tex/latex/booktabs/booktabs.sty
Package: booktabs 2020/01/12 v1.61803398 Publication quality tables
\heavyrulewidth=\dimen180
\lightrulewidth=\dimen181
\cmidrulewidth=\dimen182
\belowrulesep=\dimen183
\belowbottomsep=\dimen184
\aboverulesep=\dimen185
\abovetopsep=\dimen186
\cmidrulesep=\dimen187
\cmidrulekern=\dimen188
\defaultaddspace=\dimen189
\@cmidla=\count298
\@cmidlb=\count299
\@aboverulesep=\dimen190
\@belowrulesep=\dimen191
\@thisruleclass=\count300
\@lastruleclass=\count301
\@thisrulewidth=\dimen192
)
\c@cnt=\count302


/home/axo/Documents/AxoCloud/Frag Henri/AutoRechnungen/invoice.tex:78: LaTeX Error: Missing \begin{document}.

See the LaTeX manual or LaTeX Companion for explanation.
Type  H <return>  for immediate help.
 ...                                              
                                                  
l.78 $
      if(lang)$
You're in trouble here.  Try typing  <return>  to proceed.
If that doesn't work, type  X <return>  to quit.

(/usr/share/texmf-dist/tex/latex/polyglossia/polyglossia.sty
Package: polyglossia 2020/10/15 v1.50a Modern multilingual typesetting with XeLaTeX and LuaLaTeX
 (/usr/share/texmf-dist/tex/latex/etoolbox/etoolbox.sty
Package: etoolbox 2020/10/05 v2.5k e-TeX tools for LaTeX (JAW)
\etb@tempcnta=\count303
) (/usr/share/texmf-dist/tex/latex/makecmds/makecmds.sty
Package: makecmds 2009/09/03 v1.0a extra command making commands
) (/usr/share/texmf-dist/tex/latex/xkeyval/xkeyval.sty
Package: xkeyval 2020/11/20 v2.8 package option processing (HA)
 (/usr/share/texmf-dist/tex/generic/xkeyval/xkeyval.tex (/usr/share/texmf-dist/tex/generic/xkeyval/xkvutils.tex
\XKV@toks=\toks28
\XKV@tempa@toks=\toks29
)
\XKV@depth=\count304
File: xkeyval.tex 2014/12/03 v2.7a key=value parser (HA)
)) (/usr/share/texmf-dist/tex/latex/l3packages/l3keys2e/l3keys2e.sty
Package: l3keys2e 2020-10-27 LaTeX2e option processing using LaTeX3 keys
) (/usr/share/texmf-dist/tex/latex/filehook/filehook.sty
Package: filehook 2020/09/29 v0.8a Hooks for input files
 (/usr/share/texmf-dist/tex/latex/filehook/filehook-2020.sty
Package: filehook-2020 2020/09/29 v0.8a Hooks for input files
))
\xpg@normalclass=\XeTeXcharclass1
 (/usr/share/texmf-dist/tex/latex/polyglossia/gloss-latex.ldf
File: gloss-latex.ldf polyglossia: module for default language
The property list \polyglossia@langsetup contains the pairs (without outer
braces):
>  {latex/script}  =>  {latin}
>  {latex/lcscript}  =>  {latin}
>  {latex/scripttag}  =>  {}
>  {latex/language}  =>  {Latex}
>  {latex/langtag}  =>  {ENG}
>  {latex/bcp47}  =>  {}
>  {latex/hyphennames}  =>  {english}
>  {latex/direction}  =>  {LR}
>  {latex/hyphenmins}  =>  {2,3}
>  {latex/frenchspacing}  =>  {false}
>  {latex/indentfirst}  =>  {false}
>  {latex/fontsetup}  =>  {true}
>  {latex/envname}  =>  {latex}
>  {latex/babelname}  =>  {latex}
>  {latex/localnumeral}  =>  {polyglossia@C@localnumeral}
>  {latex/Localnumeral}  =>  {polyglossia@C@localnumeral}.
)
Package polyglossia Info: Default language is latex.
)

Package polyglossia Warning: File gloss-$polyglossia-lang.name$.ldf does not exist!
(polyglossia)                I will nevertheless try to use hyphenation patterns for $polyglossia-lang.name$. on input line 80.


/home/axo/Documents/AxoCloud/Frag Henri/AutoRechnungen/invoice.tex:80: LaTeX3 Error: The key 'polyglossia/$polyglossia-lang.name$/hyphenmins'
(LaTeX3)        requires a value.

For immediate help type H <return>.
 ...                                              
                                                  
l.80 \setmainlanguage{$polyglossia-lang.name$}
                                              

The key 'polyglossia/$polyglossia-lang.name$/hyphenmins' must have a value.
No value was present: the key will be ignored.


The property list \polyglossia@langsetup contains the pairs (without outer
braces):
>  {latex/script}  =>  {latin}
>  {latex/lcscript}  =>  {latin}
>  {latex/scripttag}  =>  {}
>  {latex/language}  =>  {Latex}
>  {latex/langtag}  =>  {ENG}
>  {latex/bcp47}  =>  {}
>  {latex/hyphennames}  =>  {english}
>  {latex/direction}  =>  {LR}
>  {latex/hyphenmins}  =>  {2,3}
>  {latex/frenchspacing}  =>  {false}
>  {latex/indentfirst}  =>  {false}
>  {latex/fontsetup}  =>  {true}
>  {latex/envname}  =>  {latex}
>  {latex/babelname}  =>  {latex}
>  {latex/localnumeral}  =>  {polyglossia@C@localnumeral}
>  {latex/Localnumeral}  =>  {polyglossia@C@localnumeral}
>  {$polyglossia-lang.name$/script}  =>  {latin}
>  {$polyglossia-lang.name$/lcscript}  =>  {latin}
>  {$polyglossia-lang.name$/scripttag}  =>  {}
>  {$polyglossia-lang.name$/language}  =>  {$polyglossia-lang.name$}
>  {$polyglossia-lang.name$/langtag}  =>  {}
>  {$polyglossia-lang.name$/bcp47}  =>  {}
>  {$polyglossia-lang.name$/hyphennames}  =>  {$polyglossia-lang.name$}
>  {$polyglossia-lang.name$/direction}  =>  {LR}
>  {$polyglossia-lang.name$/hyphenmins}  =>  {2,3}
>  {$polyglossia-lang.name$/frenchspacing}  =>  {false}
>  {$polyglossia-lang.name$/indentfirst}  =>  {false}
>  {$polyglossia-lang.name$/fontsetup}  =>  {true}
>  {$polyglossia-lang.name$/envname}  =>  {$polyglossia-lang.name$}
>  {$polyglossia-lang.name$/babelname}  =>  {$polyglossia-lang.name$}
>  {$polyglossia-lang.name$/localnumeral}  =>  {polyglossia@C@localnumeral}
>  {$polyglossia-lang.name$/Localnumeral}  =>  {polyglossia@C@localnumeral}.

Package polyglossia Warning: No hyphenation patterns were loaded for `$polyglossia-lang.name$'
(polyglossia)                I will use \language=\l@nohyphenation instead on input line 80.

\l@$polyglossia-lang.name$ = a dialect from \language\l@nohyphenation 
Package polyglossia Info: Default language is $polyglossia-lang.name$.

/home/axo/Documents/AxoCloud/Frag Henri/AutoRechnungen/invoice.tex:81: LaTeX Error: Missing \begin{document}.

See the LaTeX manual or LaTeX Companion for explanation.
Type  H <return>  for immediate help.
 ...                                              
                                                  
l.81 $
      endif$
You're in trouble here.  Try typing  <return>  to proceed.
If that doesn't work, type  X <return>  to quit.

(/usr/share/texmf-dist/tex/latex/hyperref/hyperref.sty
Package: hyperref 2020-05-15 v7.00e Hypertext links for LaTeX
 (/usr/share/texmf-dist/tex/generic/ltxcmds/ltxcmds.sty
Package: ltxcmds 2020-05-10 v1.25 LaTeX kernel commands for general use (HO)
) (/usr/share/texmf-dist/tex/generic/pdftexcmds/pdftexcmds.sty
Package: pdftexcmds 2020-06-27 v0.33 Utility functions of pdfTeX for LuaTeX (HO)
 (/usr/share/texmf-dist/tex/generic/infwarerr/infwarerr.sty
Package: infwarerr 2019/12/03 v1.5 Providing info/warning/error messages (HO)
)
Package pdftexcmds Info: \pdf@primitive is available.
Package pdftexcmds Info: \pdf@ifprimitive is available.
Package pdftexcmds Info: \pdfdraftmode not found.
) (/usr/share/texmf-dist/tex/generic/kvsetkeys/kvsetkeys.sty
Package: kvsetkeys 2019/12/15 v1.18 Key value parser (HO)
) (/usr/share/texmf-dist/tex/generic/kvdefinekeys/kvdefinekeys.sty
Package: kvdefinekeys 2019-12-19 v1.6 Define keys (HO)
) (/usr/share/texmf-dist/tex/generic/pdfescape/pdfescape.sty
Package: pdfescape 2019/12/09 v1.15 Implements pdfTeX's escape features (HO)
) (/usr/share/texmf-dist/tex/latex/hycolor/hycolor.sty
Package: hycolor 2020-01-27 v1.10 Color options for hyperref/bookmark (HO)
) (/usr/share/texmf-dist/tex/latex/letltxmacro/letltxmacro.sty
Package: letltxmacro 2019/12/03 v1.6 Let assignment for LaTeX macros (HO)
) (/usr/share/texmf-dist/tex/latex/auxhook/auxhook.sty
Package: auxhook 2019-12-17 v1.6 Hooks for auxiliary files (HO)
) (/usr/share/texmf-dist/tex/latex/kvoptions/kvoptions.sty
Package: kvoptions 2020-10-07 v3.14 Key value format for package options (HO)
)
\@linkdim=\dimen193
\Hy@linkcounter=\count305
\Hy@pagecounter=\count306
 (/usr/share/texmf-dist/tex/latex/hyperref/pd1enc.def
File: pd1enc.def 2020-05-15 v7.00e Hyperref: PDFDocEncoding definition (HO)
) (/usr/share/texmf-dist/tex/generic/intcalc/intcalc.sty
Package: intcalc 2019/12/15 v1.3 Expandable calculations with integers (HO)
) (/usr/share/texmf-dist/tex/generic/etexcmds/etexcmds.sty
Package: etexcmds 2019/12/15 v1.7 Avoid name clashes with e-TeX commands (HO)
)
\Hy@SavedSpaceFactor=\count307
Package hyperref Info: Option `bookmarks' set `true' on input line 4338.
Package hyperref Info: Option `colorlinks' set `true' on input line 4338.
Package hyperref Info: Option `breaklinks' set `true' on input line 4338.
Package hyperref Info: Hyper figures OFF on input line 4464.
Package hyperref Info: Link nesting OFF on input line 4469.
Package hyperref Info: Hyper index ON on input line 4472.
Package hyperref Info: Plain pages OFF on input line 4479.
Package hyperref Info: Backreferencing OFF on input line 4484.
Package hyperref Info: Implicit mode ON; LaTeX internals redefined.
Package hyperref Info: Bookmarks ON on input line 4717.
\c@Hy@tempcnt=\count308
 (/usr/share/texmf-dist/tex/latex/url/url.sty
\Urlmuskip=\muskip16
Package: url 2013/09/16  ver 3.4  Verb mode for urls, etc.
)
LaTeX Info: Redefining \url on input line 5076.
\XeTeXLinkMargin=\dimen194
 (/usr/share/texmf-dist/tex/generic/bitset/bitset.sty
Package: bitset 2019/12/09 v1.3 Handle bit-vector datatype (HO)
 (/usr/share/texmf-dist/tex/generic/bigintcalc/bigintcalc.sty
Package: bigintcalc 2019/12/15 v1.5 Expandable calculations on big integers (HO)
))
\Fld@menulength=\count309
\Field@Width=\dimen195
\Fld@charsize=\dimen196
Package hyperref Info: Hyper figures OFF on input line 6347.
Package hyperref Info: Link nesting OFF on input line 6352.
Package hyperref Info: Hyper index ON on input line 6355.
Package hyperref Info: backreferencing OFF on input line 6362.
Package hyperref Info: Link coloring ON on input line 6365.
Package hyperref Info: Link coloring with OCG OFF on input line 6372.
Package hyperref Info: PDF/A mode OFF on input line 6377.
LaTeX Info: Redefining \ref on input line 6417.
LaTeX Info: Redefining \pageref on input line 6421.
 (/usr/share/texmf-dist/tex/latex/base/atbegshi-ltx.sty
Package: atbegshi-ltx 2020/08/17 v1.0a Emulation of the original atbegshi package
with kernel methods
)
\Hy@abspage=\count310
\c@Item=\count311
\c@Hfootnote=\count312
)
Package hyperref Info: Driver: hxetex.
 (/usr/share/texmf-dist/tex/latex/hyperref/hxetex.def
File: hxetex.def 2020-05-15 v7.00e Hyperref driver for XeTeX
 (/usr/share/texmf-dist/tex/latex/hyperref/puenc.def
File: puenc.def 2020-05-15 v7.00e Hyperref: PDF Unicode definition (HO)
) (/usr/share/texmf-dist/tex/generic/stringenc/stringenc.sty
Package: stringenc 2019/11/29 v1.12 Convert strings between diff. encodings (HO)
)
\pdfm@box=\box61
\c@Hy@AnnotLevel=\count313
\HyField@AnnotCount=\count314
\Fld@listcount=\count315
\c@bookmark@seq@number=\count316
 (/usr/share/texmf-dist/tex/latex/rerunfilecheck/rerunfilecheck.sty
Package: rerunfilecheck 2019/12/05 v1.9 Rerun checks for auxiliary files (HO)
 (/usr/share/texmf-dist/tex/latex/base/atveryend-ltx.sty
Package: atveryend-ltx 2020/08/19 v1.0a Emulation of the original atvery package
with kernel methods
) (/usr/share/texmf-dist/tex/generic/uniquecounter/uniquecounter.sty
Package: uniquecounter 2019/12/15 v1.4 Provide unlimited unique counter (HO)
)
Package uniquecounter Info: New unique counter `rerunfilecheck' on input line 286.
)
\Hy@SectionHShift=\skip83
)

Package hyperref Warning: Token not allowed in a PDF string (Unicode):
(hyperref)                removing `math shift' on input line 95.


Package hyperref Warning: Token not allowed in a PDF string (Unicode):
(hyperref)                removing `math shift' on input line 95.

(/usr/share/texmf-dist/tex/generic/stringenc/se-ascii-print.def
File: se-ascii-print.def 2019/11/29 v1.12 stringenc: Printable ASCII characters
)

Package hyperref Warning: Token not allowed in a PDF string (Unicode):
(hyperref)                removing `math shift' on input line 95.


Package hyperref Warning: Token not allowed in a PDF string (Unicode):
(hyperref)                removing `math shift' on input line 95.


Package hyperref Warning: Token not allowed in a PDF string (Unicode):
(hyperref)                removing `math shift' on input line 95.


Package hyperref Warning: Token not allowed in a PDF string (Unicode):
(hyperref)                removing `math shift' on input line 95.


LaTeX Warning: Unused global option(s):
    [$fontsize$].

No file invoice.aux.
LaTeX Font Info:    Checking defaults for OML/cmm/m/it on input line 109.
LaTeX Font Info:    ... okay on input line 109.
LaTeX Font Info:    Checking defaults for OMS/cmsy/m/n on input line 109.
LaTeX Font Info:    ... okay on input line 109.
LaTeX Font Info:    Checking defaults for OT1/cmr/m/n on input line 109.
LaTeX Font Info:    ... okay on input line 109.
LaTeX Font Info:    Checking defaults for T1/cmr/m/n on input line 109.
LaTeX Font Info:    ... okay on input line 109.
LaTeX Font Info:    Checking defaults for TS1/cmr/m/n on input line 109.
LaTeX Font Info:    Trying to load font information for TS1+cmr on input line 109.
(/usr/share/texmf-dist/tex/latex/base/ts1cmr.fd
File: ts1cmr.fd 2019/12/16 v2.5j Standard LaTeX font definitions
)
LaTeX Font Info:    ... okay on input line 109.
LaTeX Font Info:    Checking defaults for TU/lmr/m/n on input line 109.
LaTeX Font Info:    ... okay on input line 109.
LaTeX Font Info:    Checking defaults for OMX/cmex/m/n on input line 109.
LaTeX Font Info:    ... okay on input line 109.
LaTeX Font Info:    Checking defaults for U/cmr/m/n on input line 109.
LaTeX Font Info:    ... okay on input line 109.
LaTeX Font Info:    Checking defaults for T3/cmr/m/n on input line 109.
LaTeX Font Info:    Trying to load font information for T3+cmr on input line 109.
 (/usr/share/texmf-dist/tex/latex/tipa/t3cmr.fd
File: t3cmr.fd 2001/12/31 TIPA font definitions
)
LaTeX Font Info:    ... okay on input line 109.
LaTeX Font Info:    Checking defaults for PD1/pdf/m/n on input line 109.
LaTeX Font Info:    ... okay on input line 109.
LaTeX Font Info:    Checking defaults for PU/pdf/m/n on input line 109.
LaTeX Font Info:    ... okay on input line 109.

*geometry* driver: auto-detecting
*geometry* detected driver: xetex
*geometry* verbose mode - [ preamble ] result:
* driver: xetex
* paper: a4paper
* layout: <same size as paper>
* layoutoffset:(h,v)=(0.0pt,0.0pt)
* modes: 
* h-part:(L,W,R)=(89.62709pt, 418.25368pt, 89.6271pt)
* v-part:(T,H,B)=(101.40665pt, 591.5302pt, 152.11pt)
* \paperwidth=597.50787pt
* \paperheight=845.04684pt
* \textwidth=418.25368pt
* \textheight=591.5302pt
* \oddsidemargin=17.3571pt
* \evensidemargin=17.3571pt
* \topmargin=-7.86334pt
* \headheight=12.0pt
* \headsep=25.0pt
* \topskip=10.0pt
* \footskip=30.0pt
* \marginparwidth=57.0pt
* \marginparsep=11.0pt
* \columnsep=10.0pt
* \skip\footins=9.0pt plus 4.0pt minus 2.0pt
* \hoffset=0.0pt
* \voffset=0.0pt
* \mag=1000
* \@twocolumnfalse
* \@twosidefalse
* \@mparswitchfalse
* \@reversemarginfalse
* (1in=72.27pt=25.4mm, 1cm=28.453pt)

Package ragged2e Info: ABD: executing \RaggedRight on input line 109.
ABD: EverySelectfont initializing macros
LaTeX Info: Redefining \selectfont on input line 109.

Package fontspec Info: Adjusting the maths setup (use [no-math] to avoid
(fontspec)             this).

\symlegacymaths=\mathgroup4
LaTeX Font Info:    Overwriting symbol font `legacymaths' in version `bold'
(Font)                  OT1/cmr/m/n --> OT1/cmr/bx/n on input line 109.
LaTeX Font Info:    Redeclaring math accent \acute on input line 109.
LaTeX Font Info:    Redeclaring math accent \grave on input line 109.
LaTeX Font Info:    Redeclaring math accent \ddot on input line 109.
LaTeX Font Info:    Redeclaring math accent \tilde on input line 109.
LaTeX Font Info:    Redeclaring math accent \bar on input line 109.
LaTeX Font Info:    Redeclaring math accent \breve on input line 109.
LaTeX Font Info:    Redeclaring math accent \check on input line 109.
LaTeX Font Info:    Redeclaring math accent \hat on input line 109.
LaTeX Font Info:    Redeclaring math accent \dot on input line 109.
LaTeX Font Info:    Redeclaring math accent \mathring on input line 109.
LaTeX Font Info:    Redeclaring math symbol \colon on input line 109.
LaTeX Font Info:    Redeclaring math symbol \Gamma on input line 109.
LaTeX Font Info:    Redeclaring math symbol \Delta on input line 109.
LaTeX Font Info:    Redeclaring math symbol \Theta on input line 109.
LaTeX Font Info:    Redeclaring math symbol \Lambda on input line 109.
LaTeX Font Info:    Redeclaring math symbol \Xi on input line 109.
LaTeX Font Info:    Redeclaring math symbol \Pi on input line 109.
LaTeX Font Info:    Redeclaring math symbol \Sigma on input line 109.
LaTeX Font Info:    Redeclaring math symbol \Upsilon on input line 109.
LaTeX Font Info:    Redeclaring math symbol \Phi on input line 109.
LaTeX Font Info:    Redeclaring math symbol \Psi on input line 109.
LaTeX Font Info:    Redeclaring math symbol \Omega on input line 109.
LaTeX Font Info:    Redeclaring math symbol \mathdollar on input line 109.
LaTeX Font Info:    Redeclaring symbol font `operators' on input line 109.
LaTeX Font Info:    Encoding `OT1' has changed to `TU' for symbol font
(Font)              `operators' in the math version `normal' on input line 109.
LaTeX Font Info:    Overwriting symbol font `operators' in version `normal'
(Font)                  OT1/cmr/m/n --> TU/$seriffont$(1)/m/n on input line 109.
LaTeX Font Info:    Encoding `OT1' has changed to `TU' for symbol font
(Font)              `operators' in the math version `bold' on input line 109.
LaTeX Font Info:    Overwriting symbol font `operators' in version `bold'
(Font)                  OT1/cmr/bx/n --> TU/$seriffont$(1)/m/n on input line 109.
LaTeX Font Info:    Overwriting symbol font `operators' in version `normal'
(Font)                  TU/$seriffont$(1)/m/n --> TU/$seriffont$(1)/m/n on input line 109.
LaTeX Font Info:    Overwriting math alphabet `\mathit' in version `normal'
(Font)                  OT1/cmr/m/it --> TU/$seriffont$(1)/m/it on input line 109.
LaTeX Font Info:    Overwriting math alphabet `\mathbf' in version `normal'
(Font)                  OT1/cmr/bx/n --> TU/$seriffont$(1)/b/n on input line 109.
LaTeX Font Info:    Overwriting math alphabet `\mathsf' in version `normal'
(Font)                  OT1/cmss/m/n --> TU/$sansfont$(1)/m/n on input line 109.
LaTeX Font Info:    Overwriting math alphabet `\mathtt' in version `normal'
(Font)                  OT1/cmtt/m/n --> TU/lmtt/m/n on input line 109.
LaTeX Font Info:    Overwriting symbol font `operators' in version `bold'
(Font)                  TU/$seriffont$(1)/m/n --> TU/$seriffont$(1)/b/n on input line 109.
LaTeX Font Info:    Overwriting math alphabet `\mathit' in version `bold'
(Font)                  OT1/cmr/bx/it --> TU/$seriffont$(1)/b/it on input line 109.
LaTeX Font Info:    Overwriting math alphabet `\mathsf' in version `bold'
(Font)                  OT1/cmss/bx/n --> TU/$sansfont$(1)/b/n on input line 109.
LaTeX Font Info:    Overwriting math alphabet `\mathtt' in version `bold'
(Font)                  OT1/cmtt/m/n --> TU/lmtt/b/n on input line 109.
Package hyperref Info: Link coloring ON on input line 109.
 (/usr/share/texmf-dist/tex/latex/hyperref/nameref.sty
Package: nameref 2019/09/16 v2.46 Cross-referencing by name of section
 (/usr/share/texmf-dist/tex/latex/refcount/refcount.sty
Package: refcount 2019/12/15 v3.6 Data extraction from label references (HO)
) (/usr/share/texmf-dist/tex/generic/gettitlestring/gettitlestring.sty
Package: gettitlestring 2019/12/15 v1.6 Cleanup title references (HO)
)
\c@section@level=\count317
)
LaTeX Info: Redefining \ref on input line 109.
LaTeX Info: Redefining \pageref on input line 109.
LaTeX Info: Redefining \nameref on input line 109.
\@outlinefile=\write3


Package hyperref Warning: Rerun to get /PageLabels entry.

LaTeX Info: Redefining \rmfamily on input line 109.
LaTeX Info: Redefining \sffamily on input line 109.
LaTeX Info: Redefining \ttfamily on input line 109.

Package polyglossia Warning: Asking to add empty feature to latin font (Language="$polyglossia-lang.name$" to langtag "") on input line 109.

/home/axo/Documents/AxoCloud/Frag Henri/AutoRechnungen/invoice.tex:110: Font TU/$seriffont$(1)/m/n/9=$seriffont$ at 9.0pt not loadable: Metric (TFM) file or installed font not found.
<to be read again> 
                   relax 
l.110 \small
            
I wasn't able to read the size data for this font,
so I will ignore the font specification.
[Wizards can fix TFM files using TFtoPL/PLtoTF.]
You might try inserting a different font spec;
e.g., type `I\font<same font id>=<substitute font name>'.

/home/axo/Documents/AxoCloud/Frag Henri/AutoRechnungen/invoice.tex:111: Font TU/$seriffont$(1)/m/sc/9=$seriffont$:letterspace=5; at 9.0pt not loadable: Metric (TFM) file or installed font not found.
<to be read again> 
                   relax 
l.111 \textsc{\textbf{$author$}}
                                
I wasn't able to read the size data for this font,
so I will ignore the font specification.
[Wizards can fix TFM files using TFtoPL/PLtoTF.]
You might try inserting a different font spec;
e.g., type `I\font<same font id>=<substitute font name>'.


LaTeX Font Warning: Font shape `TU/$seriffont$(1)/b/sc' undefined
(Font)              using `TU/$seriffont$(1)/m/n' instead on input line 111.

/home/axo/Documents/AxoCloud/Frag Henri/AutoRechnungen/invoice.tex:111: Font TU/$seriffont$(1)/m/n/6=$seriffont$ at 6.0pt not loadable: Metric (TFM) file or installed font not found.
<to be read again> 
                   relax 
l.111 \textsc{\textbf{$author$}}
                                
I wasn't able to read the size data for this font,
so I will ignore the font specification.
[Wizards can fix TFM files using TFtoPL/PLtoTF.]
You might try inserting a different font spec;
e.g., type `I\font<same font id>=<substitute font name>'.

/home/axo/Documents/AxoCloud/Frag Henri/AutoRechnungen/invoice.tex:111: Font TU/$seriffont$(1)/m/n/5=$seriffont$ at 5.0pt not loadable: Metric (TFM) file or installed font not found.
<to be read again> 
                   relax 
l.111 \textsc{\textbf{$author$}}
                                
I wasn't able to read the size data for this font,
so I will ignore the font specification.
[Wizards can fix TFM files using TFtoPL/PLtoTF.]
You might try inserting a different font spec;
e.g., type `I\font<same font id>=<substitute font name>'.

LaTeX Font Info:    External font `cmex10' loaded for size
(Font)              <9> on input line 111.
LaTeX Font Info:    External font `cmex10' loaded for size
(Font)              <6> on input line 111.
Missing character: There is no • in font nullfont!
/home/axo/Documents/AxoCloud/Frag Henri/AutoRechnungen/invoice.tex:118: Font TU/$sansfont$(1)/m/n/10=$sansfont$ at 10.0pt not loadable: Metric (TFM) file or installed font not found.
<to be read again> 
                   relax 
l.118 \normalsize \sffamily
                           
I wasn't able to read the size data for this font,
so I will ignore the font specification.
[Wizards can fix TFM files using TFtoPL/PLtoTF.]
You might try inserting a different font spec;
e.g., type `I\font<same font id>=<substitute font name>'.

/home/axo/Documents/AxoCloud/Frag Henri/AutoRechnungen/invoice.tex:119: Font TU/$seriffont$(1)/m/n/7=$seriffont$ at 7.0pt not loadable: Metric (TFM) file or installed font not found.
<to be read again> 
                   relax 
l.119 $f
        or(to)$
I wasn't able to read the size data for this font,
so I will ignore the font specification.
[Wizards can fix TFM files using TFtoPL/PLtoTF.]
You might try inserting a different font spec;
e.g., type `I\font<same font id>=<substitute font name>'.

/home/axo/Documents/AxoCloud/Frag Henri/AutoRechnungen/invoice.tex:126: Font TU/$sansfont$(1)/m/n/9=$sansfont$ at 9.0pt not loadable: Metric (TFM) file or installed font not found.
<to be read again> 
                   relax 
l.126   \small
              
I wasn't able to read the size data for this font,
so I will ignore the font specification.
[Wizards can fix TFM files using TFtoPL/PLtoTF.]
You might try inserting a different font spec;
e.g., type `I\font<same font id>=<substitute font name>'.

Missing character: There is no , in font nullfont!
Missing character: There is no M in font nullfont!
Missing character: There is no a in font nullfont!
Missing character: There is no r in font nullfont!
Missing character: There is no c in font nullfont!
Missing character: There is no h in font nullfont!
Missing character: There is no 1 in font nullfont!
Missing character: There is no 3 in font nullfont!
Missing character: There is no , in font nullfont!
Missing character: There is no 2 in font nullfont!
Missing character: There is no 0 in font nullfont!
Missing character: There is no 2 in font nullfont!
Missing character: There is no 1 in font nullfont!
/home/axo/Documents/AxoCloud/Frag Henri/AutoRechnungen/invoice.tex:133: Font TU/$seriffont$(1)/m/n/14.4=$seriffont$ at 14.4pt not loadable: Metric (TFM) file or installed font not found.
<to be read again> 
                   relax 
l.133 ...textsc{Rechnung} \textsc{\#$invoice-nr$}}
                                                  
I wasn't able to read the size data for this font,
so I will ignore the font specification.
[Wizards can fix TFM files using TFtoPL/PLtoTF.]
You might try inserting a different font spec;
e.g., type `I\font<same font id>=<substitute font name>'.


LaTeX Font Warning: Font shape `TU/$seriffont$(1)/b/n' undefined
(Font)              using `TU/$seriffont$(1)/m/n' instead on input line 133.

/home/axo/Documents/AxoCloud/Frag Henri/AutoRechnungen/invoice.tex:133: Font TU/$seriffont$(1)/b/sc/14.4=$seriffont$ at 14.4pt not loadable: Metric (TFM) file or installed font not found.
<to be read again> 
                   relax 
l.133 ...textsc{Rechnung} \textsc{\#$invoice-nr$}}
                                                  
I wasn't able to read the size data for this font,
so I will ignore the font specification.
[Wizards can fix TFM files using TFtoPL/PLtoTF.]
You might try inserting a different font spec;
e.g., type `I\font<same font id>=<substitute font name>'.

Missing character: There is no R in font nullfont!
Missing character: There is no e in font nullfont!
Missing character: There is no c in font nullfont!
Missing character: There is no h in font nullfont!
Missing character: There is no n in font nullfont!
Missing character: There is no u in font nullfont!
Missing character: There is no n in font nullfont!
Missing character: There is no g in font nullfont!
Missing character: There is no # in font nullfont!
LaTeX Font Info:    External font `cmex10' loaded for size
(Font)              <14.4> on input line 133.
/home/axo/Documents/AxoCloud/Frag Henri/AutoRechnungen/invoice.tex:135: Font TU/$seriffont$(1)/b/n/14.4=$seriffont$ at 14.4pt not loadable: Metric (TFM) file or installed font not found.
<to be read again> 
                   relax 
l.135 ...} \textsc{\#\the\year\the\month\the\day}}
                                                  
I wasn't able to read the size data for this font,
so I will ignore the font specification.
[Wizards can fix TFM files using TFtoPL/PLtoTF.]
You might try inserting a different font spec;
e.g., type `I\font<same font id>=<substitute font name>'.

Missing character: There is no R in font nullfont!
Missing character: There is no e in font nullfont!
Missing character: There is no c in font nullfont!
Missing character: There is no h in font nullfont!
Missing character: There is no n in font nullfont!
Missing character: There is no u in font nullfont!
Missing character: There is no n in font nullfont!
Missing character: There is no g in font nullfont!
Missing character: There is no # in font nullfont!
Missing character: There is no 2 in font nullfont!
Missing character: There is no 0 in font nullfont!
Missing character: There is no 2 in font nullfont!
Missing character: There is no 1 in font nullfont!
Missing character: There is no 3 in font nullfont!
Missing character: There is no 1 in font nullfont!
Missing character: There is no 3 in font nullfont!
/home/axo/Documents/AxoCloud/Frag Henri/AutoRechnungen/invoice.tex:137: Font TU/$sansfont$(1)/m/n/8=$sansfont$ at 8.0pt not loadable: Metric (TFM) file or installed font not found.
<to be read again> 
                   relax 
l.137 \footnotesize
                   
I wasn't able to read the size data for this font,
so I will ignore the font specification.
[Wizards can fix TFM files using TFtoPL/PLtoTF.]
You might try inserting a different font spec;
e.g., type `I\font<same font id>=<substitute font name>'.

\c@pos=\count318
/home/axo/Documents/AxoCloud/Frag Henri/AutoRechnungen/invoice.tex:143: Font TU/$seriffont$(1)/m/n/8=$seriffont$ at 8.0pt not loadable: Metric (TFM) file or installed font not found.
<to be read again> 
                   relax 
l.143 \begin{tabular*}{\linewidth}
                                  {cp{8.1cm}crr}
I wasn't able to read the size data for this font,
so I will ignore the font specification.
[Wizards can fix TFM files using TFtoPL/PLtoTF.]
You might try inserting a different font spec;
e.g., type `I\font<same font id>=<substitute font name>'.

LaTeX Font Info:    External font `cmex10' loaded for size
(Font)              <8> on input line 143.

LaTeX Font Warning: Font shape `TU/$sansfont$(1)/b/n' undefined
(Font)              using `TU/$sansfont$(1)/m/n' instead on input line 146.

Missing character: There is no P in font nullfont!
Missing character: There is no o in font nullfont!
Missing character: There is no s in font nullfont!
Missing character: There is no . in font nullfont!
/home/axo/Documents/AxoCloud/Frag Henri/AutoRechnungen/invoice.tex:147: Font TU/$sansfont$(1)/b/n/8=$sansfont$ at 8.0pt not loadable: Metric (TFM) file or installed font not found.
<to be read again> 
                   relax 
l.147     \textbf{Beschreibung}
                                &
I wasn't able to read the size data for this font,
so I will ignore the font specification.
[Wizards can fix TFM files using TFtoPL/PLtoTF.]
You might try inserting a different font spec;
e.g., type `I\font<same font id>=<substitute font name>'.

Missing character: There is no B in font nullfont!
Missing character: There is no e in font nullfont!
Missing character: There is no s in font nullfont!
Missing character: There is no c in font nullfont!
Missing character: There is no h in font nullfont!
Missing character: There is no r in font nullfont!
Missing character: There is no e in font nullfont!
Missing character: There is no i in font nullfont!
Missing character: There is no b in font nullfont!
Missing character: There is no u in font nullfont!
Missing character: There is no n in font nullfont!
Missing character: There is no g in font nullfont!
Missing character: There is no M in font nullfont!
Missing character: There is no e in font nullfont!
Missing character: There is no n in font nullfont!
Missing character: There is no g in font nullfont!
Missing character: There is no e in font nullfont!
Missing character: There is no E in font nullfont!
Missing character: There is no i in font nullfont!
Missing character: There is no n in font nullfont!
Missing character: There is no z in font nullfont!
Missing character: There is no e in font nullfont!
Missing character: There is no l in font nullfont!
Missing character: There is no p in font nullfont!
Missing character: There is no r in font nullfont!
Missing character: There is no e in font nullfont!
Missing character: There is no i in font nullfont!
Missing character: There is no s in font nullfont!
Missing character: There is no G in font nullfont!
Missing character: There is no e in font nullfont!
Missing character: There is no s in font nullfont!
Missing character: There is no a in font nullfont!
Missing character: There is no m in font nullfont!
Missing character: There is no t in font nullfont!
/home/axo/Documents/AxoCloud/Frag Henri/AutoRechnungen/invoice.tex:153: Misplaced \noalign.
l.153     \noalign
                  {\vskip 2mm}
I expect to see \noalign only after the \cr of
an alignment. Proceed, and I'll ignore this case.

/home/axo/Documents/AxoCloud/Frag Henri/AutoRechnungen/invoice.tex:153: Missing } inserted.
<inserted text> 
                }
l.153     \noalign{\vskip
                          2mm}
I've inserted something that you may have forgotten.
(See the <inserted text> above.)
With luck, this will get me unwedged. But if you
really didn't forget anything, try typing `2' now; then
my insertion and my current dilemma will both disappear.

/home/axo/Documents/AxoCloud/Frag Henri/AutoRechnungen/invoice.tex:153: Missing \endgroup inserted.
<inserted text> 
                \endgroup 
l.153     \noalign{\vskip
                          2mm}
I've inserted something that you may have forgotten.
(See the <inserted text> above.)
With luck, this will get me unwedged. But if you
really didn't forget anything, try typing `2' now; then
my insertion and my current dilemma will both disappear.

/home/axo/Documents/AxoCloud/Frag Henri/AutoRechnungen/invoice.tex:153: Missing } inserted.
<inserted text> 
                }
l.153     \noalign{\vskip
                          2mm}
I've inserted something that you may have forgotten.
(See the <inserted text> above.)
With luck, this will get me unwedged. But if you
really didn't forget anything, try typing `2' now; then
my insertion and my current dilemma will both disappear.

/home/axo/Documents/AxoCloud/Frag Henri/AutoRechnungen/invoice.tex:153: Missing } inserted.
<inserted text> 
                }
l.153     \noalign{\vskip
                          2mm}
I've inserted something that you may have forgotten.
(See the <inserted text> above.)
With luck, this will get me unwedged. But if you
really didn't forget anything, try typing `2' now; then
my insertion and my current dilemma will both disappear.

/home/axo/Documents/AxoCloud/Frag Henri/AutoRechnungen/invoice.tex:153: Missing \cr inserted.
<inserted text> 
                \cr 
l.153     \noalign{\vskip
                          2mm}
I'm guessing that you meant to end an alignment here.

/home/axo/Documents/AxoCloud/Frag Henri/AutoRechnungen/invoice.tex:153: Missing { inserted.
<inserted text> 
                {
l.153     \noalign{\vskip
                          2mm}
I've put in what seems to be necessary to fix
the current column of the current alignment.
Try to go on, since this might almost work.

/home/axo/Documents/AxoCloud/Frag Henri/AutoRechnungen/invoice.tex:153: Missing } inserted.
<inserted text> 
                }
l.153     \noalign{\vskip
                          2mm}
I've inserted something that you may have forgotten.
(See the <inserted text> above.)
With luck, this will get me unwedged. But if you
really didn't forget anything, try typing `2' now; then
my insertion and my current dilemma will both disappear.

/home/axo/Documents/AxoCloud/Frag Henri/AutoRechnungen/invoice.tex:153: Missing } inserted.
<inserted text> 
                }
l.153     \noalign{\vskip
                          2mm}
I've inserted something that you may have forgotten.
(See the <inserted text> above.)
With luck, this will get me unwedged. But if you
really didn't forget anything, try typing `2' now; then
my insertion and my current dilemma will both disappear.

/home/axo/Documents/AxoCloud/Frag Henri/AutoRechnungen/invoice.tex:153: Missing \cr inserted.
<inserted text> 
                \cr 
l.153     \noalign{\vskip
                          2mm}
I'm guessing that you meant to end an alignment here.

/home/axo/Documents/AxoCloud/Frag Henri/AutoRechnungen/invoice.tex:153: Misplaced \cr.
<inserted text> \cr 
                    
l.153     \noalign{\vskip
                          2mm}
I can't figure out why you would want to use a tab mark
or \cr or \span just now. If something like a right brace
up above has ended a previous alignment prematurely,
you're probably due for more error messages, and you
might try typing `S' now just to see what is salvageable.

/home/axo/Documents/AxoCloud/Frag Henri/AutoRechnungen/invoice.tex:153: Missing \cr inserted.
<inserted text> 
                \cr 
l.153     \noalign{\vskip
                          2mm}
I'm guessing that you meant to end an alignment here.

/home/axo/Documents/AxoCloud/Frag Henri/AutoRechnungen/invoice.tex:153: Misplaced \cr.
<inserted text> \cr 
                    
l.153     \noalign{\vskip
                          2mm}
I can't figure out why you would want to use a tab mark
or \cr or \span just now. If something like a right brace
up above has ended a previous alignment prematurely,
you're probably due for more error messages, and you
might try typing `S' now just to see what is salvageable.

/home/axo/Documents/AxoCloud/Frag Henri/AutoRechnungen/invoice.tex:153: Missing \cr inserted.
<inserted text> 
                \cr 
l.153     \noalign{\vskip
                          2mm}
I'm guessing that you meant to end an alignment here.

/home/axo/Documents/AxoCloud/Frag Henri/AutoRechnungen/invoice.tex:153: Misplaced \cr.
<inserted text> \cr 
                    
l.153     \noalign{\vskip
                          2mm}
I can't figure out why you would want to use a tab mark
or \cr or \span just now. If something like a right brace
up above has ended a previous alignment prematurely,
you're probably due for more error messages, and you
might try typing `S' now just to see what is salvageable.

/home/axo/Documents/AxoCloud/Frag Henri/AutoRechnungen/invoice.tex:153: Missing \cr inserted.
<inserted text> 
                \cr 
l.153     \noalign{\vskip
                          2mm}
I'm guessing that you meant to end an alignment here.

/home/axo/Documents/AxoCloud/Frag Henri/AutoRechnungen/invoice.tex:153: Misplaced \cr.
<inserted text> \cr 
                    
l.153     \noalign{\vskip
                          2mm}
I can't figure out why you would want to use a tab mark
or \cr or \span just now. If something like a right brace
up above has ended a previous alignment prematurely,
you're probably due for more error messages, and you
might try typing `S' now just to see what is salvageable.

/home/axo/Documents/AxoCloud/Frag Henri/AutoRechnungen/invoice.tex:153: Missing \cr inserted.
<inserted text> 
                \cr 
l.153     \noalign{\vskip
                          2mm}
I'm guessing that you meant to end an alignment here.

/home/axo/Documents/AxoCloud/Frag Henri/AutoRechnungen/invoice.tex:153: Misplaced \cr.
<inserted text> \cr 
                    
l.153     \noalign{\vskip
                          2mm}
I can't figure out why you would want to use a tab mark
or \cr or \span just now. If something like a right brace
up above has ended a previous alignment prematurely,
you're probably due for more error messages, and you
might try typing `S' now just to see what is salvageable.

/home/axo/Documents/AxoCloud/Frag Henri/AutoRechnungen/invoice.tex:153: Missing \cr inserted.
<inserted text> 
                \cr 
l.153     \noalign{\vskip
                          2mm}
I'm guessing that you meant to end an alignment here.

/home/axo/Documents/AxoCloud/Frag Henri/AutoRechnungen/invoice.tex:153: Misplaced \cr.
<inserted text> \cr 
                    
l.153     \noalign{\vskip
                          2mm}
I can't figure out why you would want to use a tab mark
or \cr or \span just now. If something like a right brace
up above has ended a previous alignment prematurely,
you're probably due for more error messages, and you
might try typing `S' now just to see what is salvageable.

/home/axo/Documents/AxoCloud/Frag Henri/AutoRechnungen/invoice.tex:153: Missing \cr inserted.
<inserted text> 
                \cr 
l.153     \noalign{\vskip
                          2mm}
I'm guessing that you meant to end an alignment here.

/home/axo/Documents/AxoCloud/Frag Henri/AutoRechnungen/invoice.tex:153: Misplaced \cr.
<inserted text> \cr 
                    
l.153     \noalign{\vskip
                          2mm}
I can't figure out why you would want to use a tab mark
or \cr or \span just now. If something like a right brace
up above has ended a previous alignment prematurely,
you're probably due for more error messages, and you
might try typing `S' now just to see what is salvageable.

/home/axo/Documents/AxoCloud/Frag Henri/AutoRechnungen/invoice.tex:153: Missing \cr inserted.
<inserted text> 
                \cr 
l.153     \noalign{\vskip
                          2mm}
I'm guessing that you meant to end an alignment here.

/home/axo/Documents/AxoCloud/Frag Henri/AutoRechnungen/invoice.tex:153: Misplaced \cr.
<inserted text> \cr 
                    
l.153     \noalign{\vskip
                          2mm}
I can't figure out why you would want to use a tab mark
or \cr or \span just now. If something like a right brace
up above has ended a previous alignment prematurely,
you're probably due for more error messages, and you
might try typing `S' now just to see what is salvageable.

/home/axo/Documents/AxoCloud/Frag Henri/AutoRechnungen/invoice.tex:153: Missing \cr inserted.
<inserted text> 
                \cr 
l.153     \noalign{\vskip
                          2mm}
I'm guessing that you meant to end an alignment here.

/home/axo/Documents/AxoCloud/Frag Henri/AutoRechnungen/invoice.tex:153: Misplaced \cr.
<inserted text> \cr 
                    
l.153     \noalign{\vskip
                          2mm}
I can't figure out why you would want to use a tab mark
or \cr or \span just now. If something like a right brace
up above has ended a previous alignment prematurely,
you're probably due for more error messages, and you
might try typing `S' now just to see what is salvageable.

/home/axo/Documents/AxoCloud/Frag Henri/AutoRechnungen/invoice.tex:153: Missing \cr inserted.
<inserted text> 
                \cr 
l.153     \noalign{\vskip
                          2mm}
I'm guessing that you meant to end an alignment here.

/home/axo/Documents/AxoCloud/Frag Henri/AutoRechnungen/invoice.tex:153: Misplaced \cr.
<inserted text> \cr 
                    
l.153     \noalign{\vskip
                          2mm}
I can't figure out why you would want to use a tab mark
or \cr or \span just now. If something like a right brace
up above has ended a previous alignment prematurely,
you're probably due for more error messages, and you
might try typing `S' now just to see what is salvageable.

/home/axo/Documents/AxoCloud/Frag Henri/AutoRechnungen/invoice.tex:153: Missing \cr inserted.
<inserted text> 
                \cr 
l.153     \noalign{\vskip
                          2mm}
I'm guessing that you meant to end an alignment here.

/home/axo/Documents/AxoCloud/Frag Henri/AutoRechnungen/invoice.tex:153: Misplaced \cr.
<inserted text> \cr 
                    
l.153     \noalign{\vskip
                          2mm}
I can't figure out why you would want to use a tab mark
or \cr or \span just now. If something like a right brace
up above has ended a previous alignment prematurely,
you're probably due for more error messages, and you
might try typing `S' now just to see what is salvageable.

/home/axo/Documents/AxoCloud/Frag Henri/AutoRechnungen/invoice.tex:153: Missing \cr inserted.
<inserted text> 
                \cr 
l.153     \noalign{\vskip
                          2mm}
I'm guessing that you meant to end an alignment here.

/home/axo/Documents/AxoCloud/Frag Henri/AutoRechnungen/invoice.tex:153: Misplaced \cr.
<inserted text> \cr 
                    
l.153     \noalign{\vskip
                          2mm}
I can't figure out why you would want to use a tab mark
or \cr or \span just now. If something like a right brace
up above has ended a previous alignment prematurely,
you're probably due for more error messages, and you
might try typing `S' now just to see what is salvageable.

/home/axo/Documents/AxoCloud/Frag Henri/AutoRechnungen/invoice.tex:153: Missing \cr inserted.
<inserted text> 
                \cr 
l.153     \noalign{\vskip
                          2mm}
I'm guessing that you meant to end an alignment here.

/home/axo/Documents/AxoCloud/Frag Henri/AutoRechnungen/invoice.tex:153: Misplaced \cr.
<inserted text> \cr 
                    
l.153     \noalign{\vskip
                          2mm}
I can't figure out why you would want to use a tab mark
or \cr or \span just now. If something like a right brace
up above has ended a previous alignment prematurely,
you're probably due for more error messages, and you
might try typing `S' now just to see what is salvageable.

/home/axo/Documents/AxoCloud/Frag Henri/AutoRechnungen/invoice.tex:153: Missing \cr inserted.
<inserted text> 
                \cr 
l.153     \noalign{\vskip
                          2mm}
I'm guessing that you meant to end an alignment here.

/home/axo/Documents/AxoCloud/Frag Henri/AutoRechnungen/invoice.tex:153: Misplaced \cr.
<inserted text> \cr 
                    
l.153     \noalign{\vskip
                          2mm}
I can't figure out why you would want to use a tab mark
or \cr or \span just now. If something like a right brace
up above has ended a previous alignment prematurely,
you're probably due for more error messages, and you
might try typing `S' now just to see what is salvageable.

/home/axo/Documents/AxoCloud/Frag Henri/AutoRechnungen/invoice.tex:153: Missing \cr inserted.
<inserted text> 
                \cr 
l.153     \noalign{\vskip
                          2mm}
I'm guessing that you meant to end an alignment here.

/home/axo/Documents/AxoCloud/Frag Henri/AutoRechnungen/invoice.tex:153: Misplaced \cr.
<inserted text> \cr 
                    
l.153     \noalign{\vskip
                          2mm}
I can't figure out why you would want to use a tab mark
or \cr or \span just now. If something like a right brace
up above has ended a previous alignment prematurely,
you're probably due for more error messages, and you
might try typing `S' now just to see what is salvageable.

/home/axo/Documents/AxoCloud/Frag Henri/AutoRechnungen/invoice.tex:153: Missing \cr inserted.
<inserted text> 
                \cr 
l.153     \noalign{\vskip
                          2mm}
I'm guessing that you meant to end an alignment here.

/home/axo/Documents/AxoCloud/Frag Henri/AutoRechnungen/invoice.tex:153: Misplaced \cr.
<inserted text> \cr 
                    
l.153     \noalign{\vskip
                          2mm}
I can't figure out why you would want to use a tab mark
or \cr or \span just now. If something like a right brace
up above has ended a previous alignment prematurely,
you're probably due for more error messages, and you
might try typing `S' now just to see what is salvageable.

/home/axo/Documents/AxoCloud/Frag Henri/AutoRechnungen/invoice.tex:153: Missing \cr inserted.
<inserted text> 
                \cr 
l.153     \noalign{\vskip
                          2mm}
I'm guessing that you meant to end an alignment here.

/home/axo/Documents/AxoCloud/Frag Henri/AutoRechnungen/invoice.tex:153: Misplaced \cr.
<inserted text> \cr 
                    
l.153     \noalign{\vskip
                          2mm}
I can't figure out why you would want to use a tab mark
or \cr or \span just now. If something like a right brace
up above has ended a previous alignment prematurely,
you're probably due for more error messages, and you
might try typing `S' now just to see what is salvageable.

/home/axo/Documents/AxoCloud/Frag Henri/AutoRechnungen/invoice.tex:153: Missing \cr inserted.
<inserted text> 
                \cr 
l.153     \noalign{\vskip
                          2mm}
I'm guessing that you meant to end an alignment here.

/home/axo/Documents/AxoCloud/Frag Henri/AutoRechnungen/invoice.tex:153: Misplaced \cr.
<inserted text> \cr 
                    
l.153     \noalign{\vskip
                          2mm}
I can't figure out why you would want to use a tab mark
or \cr or \span just now. If something like a right brace
up above has ended a previous alignment prematurely,
you're probably due for more error messages, and you
might try typing `S' now just to see what is salvageable.

/home/axo/Documents/AxoCloud/Frag Henri/AutoRechnungen/invoice.tex:153: Missing \cr inserted.
<inserted text> 
                \cr 
l.153     \noalign{\vskip
                          2mm}
I'm guessing that you meant to end an alignment here.

/home/axo/Documents/AxoCloud/Frag Henri/AutoRechnungen/invoice.tex:153: Misplaced \cr.
<inserted text> \cr 
                    
l.153     \noalign{\vskip
                          2mm}
I can't figure out why you would want to use a tab mark
or \cr or \span just now. If something like a right brace
up above has ended a previous alignment prematurely,
you're probably due for more error messages, and you
might try typing `S' now just to see what is salvageable.

/home/axo/Documents/AxoCloud/Frag Henri/AutoRechnungen/invoice.tex:153: Missing \cr inserted.
<inserted text> 
                \cr 
l.153     \noalign{\vskip
                          2mm}
I'm guessing that you meant to end an alignment here.

/home/axo/Documents/AxoCloud/Frag Henri/AutoRechnungen/invoice.tex:153: Misplaced \cr.
<inserted text> \cr 
                    
l.153     \noalign{\vskip
                          2mm}
I can't figure out why you would want to use a tab mark
or \cr or \span just now. If something like a right brace
up above has ended a previous alignment prematurely,
you're probably due for more error messages, and you
might try typing `S' now just to see what is salvageable.

/home/axo/Documents/AxoCloud/Frag Henri/AutoRechnungen/invoice.tex:153: Missing \cr inserted.
<inserted text> 
                \cr 
l.153     \noalign{\vskip
                          2mm}
I'm guessing that you meant to end an alignment here.

/home/axo/Documents/AxoCloud/Frag Henri/AutoRechnungen/invoice.tex:153: Misplaced \cr.
<inserted text> \cr 
                    
l.153     \noalign{\vskip
                          2mm}
I can't figure out why you would want to use a tab mark
or \cr or \span just now. If something like a right brace
up above has ended a previous alignment prematurely,
you're probably due for more error messages, and you
might try typing `S' now just to see what is salvageable.

/home/axo/Documents/AxoCloud/Frag Henri/AutoRechnungen/invoice.tex:153: Missing \cr inserted.
<inserted text> 
                \cr 
l.153     \noalign{\vskip
                          2mm}
I'm guessing that you meant to end an alignment here.

/home/axo/Documents/AxoCloud/Frag Henri/AutoRechnungen/invoice.tex:153: Misplaced \cr.
<inserted text> \cr 
                    
l.153     \noalign{\vskip
                          2mm}
I can't figure out why you would want to use a tab mark
or \cr or \span just now. If something like a right brace
up above has ended a previous alignment prematurely,
you're probably due for more error messages, and you
might try typing `S' now just to see what is salvageable.

/home/axo/Documents/AxoCloud/Frag Henri/AutoRechnungen/invoice.tex:153: Missing \cr inserted.
<inserted text> 
                \cr 
l.153     \noalign{\vskip
                          2mm}
I'm guessing that you meant to end an alignment here.

/home/axo/Documents/AxoCloud/Frag Henri/AutoRechnungen/invoice.tex:153: Misplaced \cr.
<inserted text> \cr 
                    
l.153     \noalign{\vskip
                          2mm}
I can't figure out why you would want to use a tab mark
or \cr or \span just now. If something like a right brace
up above has ended a previous alignment prematurely,
you're probably due for more error messages, and you
might try typing `S' now just to see what is salvageable.

/home/axo/Documents/AxoCloud/Frag Henri/AutoRechnungen/invoice.tex:153: Missing \cr inserted.
<inserted text> 
                \cr 
l.153     \noalign{\vskip
                          2mm}
I'm guessing that you meant to end an alignment here.

/home/axo/Documents/AxoCloud/Frag Henri/AutoRechnungen/invoice.tex:153: Misplaced \cr.
<inserted text> \cr 
                    
l.153     \noalign{\vskip
                          2mm}
I can't figure out why you would want to use a tab mark
or \cr or \span just now. If something like a right brace
up above has ended a previous alignment prematurely,
you're probably due for more error messages, and you
might try typing `S' now just to see what is salvageable.

/home/axo/Documents/AxoCloud/Frag Henri/AutoRechnungen/invoice.tex:153: Missing \cr inserted.
<inserted text> 
                \cr 
l.153     \noalign{\vskip
                          2mm}
I'm guessing that you meant to end an alignment here.

/home/axo/Documents/AxoCloud/Frag Henri/AutoRechnungen/invoice.tex:153: Misplaced \cr.
<inserted text> \cr 
                    
l.153     \noalign{\vskip
                          2mm}
I can't figure out why you would want to use a tab mark
or \cr or \span just now. If something like a right brace
up above has ended a previous alignment prematurely,
you're probably due for more error messages, and you
might try typing `S' now just to see what is salvageable.

/home/axo/Documents/AxoCloud/Frag Henri/AutoRechnungen/invoice.tex:153: Missing \cr inserted.
<inserted text> 
                \cr 
l.153     \noalign{\vskip
                          2mm}
I'm guessing that you meant to end an alignment here.

/home/axo/Documents/AxoCloud/Frag Henri/AutoRechnungen/invoice.tex:153: Misplaced \cr.
<inserted text> \cr 
                    
l.153     \noalign{\vskip
                          2mm}
I can't figure out why you would want to use a tab mark
or \cr or \span just now. If something like a right brace
up above has ended a previous alignment prematurely,
you're probably due for more error messages, and you
might try typing `S' now just to see what is salvageable.

/home/axo/Documents/AxoCloud/Frag Henri/AutoRechnungen/invoice.tex:153: Missing \cr inserted.
<inserted text> 
                \cr 
l.153     \noalign{\vskip
                          2mm}
I'm guessing that you meant to end an alignment here.

/home/axo/Documents/AxoCloud/Frag Henri/AutoRechnungen/invoice.tex:153: Misplaced \cr.
<inserted text> \cr 
                    
l.153     \noalign{\vskip
                          2mm}
I can't figure out why you would want to use a tab mark
or \cr or \span just now. If something like a right brace
up above has ended a previous alignment prematurely,
you're probably due for more error messages, and you
might try typing `S' now just to see what is salvageable.

/home/axo/Documents/AxoCloud/Frag Henri/AutoRechnungen/invoice.tex:153: Missing \cr inserted.
<inserted text> 
                \cr 
l.153     \noalign{\vskip
                          2mm}
I'm guessing that you meant to end an alignment here.

/home/axo/Documents/AxoCloud/Frag Henri/AutoRechnungen/invoice.tex:153: Misplaced \cr.
<inserted text> \cr 
                    
l.153     \noalign{\vskip
                          2mm}
I can't figure out why you would want to use a tab mark
or \cr or \span just now. If something like a right brace
up above has ended a previous alignment prematurely,
you're probably due for more error messages, and you
might try typing `S' now just to see what is salvageable.

/home/axo/Documents/AxoCloud/Frag Henri/AutoRechnungen/invoice.tex:153: Missing \cr inserted.
<inserted text> 
                \cr 
l.153     \noalign{\vskip
                          2mm}
I'm guessing that you meant to end an alignment here.

/home/axo/Documents/AxoCloud/Frag Henri/AutoRechnungen/invoice.tex:153: Misplaced \cr.
<inserted text> \cr 
                    
l.153     \noalign{\vskip
                          2mm}
I can't figure out why you would want to use a tab mark
or \cr or \span just now. If something like a right brace
up above has ended a previous alignment prematurely,
you're probably due for more error messages, and you
might try typing `S' now just to see what is salvageable.

/home/axo/Documents/AxoCloud/Frag Henri/AutoRechnungen/invoice.tex:153: Missing \cr inserted.
<inserted text> 
                \cr 
l.153     \noalign{\vskip
                          2mm}
I'm guessing that you meant to end an alignment here.

/home/axo/Documents/AxoCloud/Frag Henri/AutoRechnungen/invoice.tex:153: Misplaced \cr.
<inserted text> \cr 
                    
l.153     \noalign{\vskip
                          2mm}
I can't figure out why you would want to use a tab mark
or \cr or \span just now. If something like a right brace
up above has ended a previous alignment prematurely,
you're probably due for more error messages, and you
might try typing `S' now just to see what is salvageable.

/home/axo/Documents/AxoCloud/Frag Henri/AutoRechnungen/invoice.tex:153: Missing \cr inserted.
<inserted text> 
                \cr 
l.153     \noalign{\vskip
                          2mm}
I'm guessing that you meant to end an alignment here.

/home/axo/Documents/AxoCloud/Frag Henri/AutoRechnungen/invoice.tex:153: Misplaced \cr.
<inserted text> \cr 
                    
l.153     \noalign{\vskip
                          2mm}
I can't figure out why you would want to use a tab mark
or \cr or \span just now. If something like a right brace
up above has ended a previous alignment prematurely,
you're probably due for more error messages, and you
might try typing `S' now just to see what is salvageable.

/home/axo/Documents/AxoCloud/Frag Henri/AutoRechnungen/invoice.tex:153: Missing \cr inserted.
<inserted text> 
                \cr 
l.153     \noalign{\vskip
                          2mm}
I'm guessing that you meant to end an alignment here.

/home/axo/Documents/AxoCloud/Frag Henri/AutoRechnungen/invoice.tex:153: Misplaced \cr.
<inserted text> \cr 
                    
l.153     \noalign{\vskip
                          2mm}
I can't figure out why you would want to use a tab mark
or \cr or \span just now. If something like a right brace
up above has ended a previous alignment prematurely,
you're probably due for more error messages, and you
might try typing `S' now just to see what is salvageable.

/home/axo/Documents/AxoCloud/Frag Henri/AutoRechnungen/invoice.tex:153: Missing \cr inserted.
<inserted text> 
                \cr 
l.153     \noalign{\vskip
                          2mm}
I'm guessing that you meant to end an alignment here.

/home/axo/Documents/AxoCloud/Frag Henri/AutoRechnungen/invoice.tex:153: Misplaced \cr.
<inserted text> \cr 
                    
l.153     \noalign{\vskip
                          2mm}
I can't figure out why you would want to use a tab mark
or \cr or \span just now. If something like a right brace
up above has ended a previous alignment prematurely,
you're probably due for more error messages, and you
might try typing `S' now just to see what is salvageable.

/home/axo/Documents/AxoCloud/Frag Henri/AutoRechnungen/invoice.tex:153: Missing \cr inserted.
<inserted text> 
                \cr 
l.153     \noalign{\vskip
                          2mm}
I'm guessing that you meant to end an alignment here.

/home/axo/Documents/AxoCloud/Frag Henri/AutoRechnungen/invoice.tex:153: Misplaced \cr.
<inserted text> \cr 
                    
l.153     \noalign{\vskip
                          2mm}
I can't figure out why you would want to use a tab mark
or \cr or \span just now. If something like a right brace
up above has ended a previous alignment prematurely,
you're probably due for more error messages, and you
might try typing `S' now just to see what is salvageable.

/home/axo/Documents/AxoCloud/Frag Henri/AutoRechnungen/invoice.tex:153: Missing \cr inserted.
<inserted text> 
                \cr 
l.153     \noalign{\vskip
                          2mm}
I'm guessing that you meant to end an alignment here.

/home/axo/Documents/AxoCloud/Frag Henri/AutoRechnungen/invoice.tex:153: Misplaced \cr.
<inserted text> \cr 
                    
l.153     \noalign{\vskip
                          2mm}
I can't figure out why you would want to use a tab mark
or \cr or \span just now. If something like a right brace
up above has ended a previous alignment prematurely,
you're probably due for more error messages, and you
might try typing `S' now just to see what is salvageable.

/home/axo/Documents/AxoCloud/Frag Henri/AutoRechnungen/invoice.tex:153: Missing \cr inserted.
<inserted text> 
                \cr 
l.153     \noalign{\vskip
                          2mm}
I'm guessing that you meant to end an alignment here.

/home/axo/Documents/AxoCloud/Frag Henri/AutoRechnungen/invoice.tex:153: Misplaced \cr.
<inserted text> \cr 
                    
l.153     \noalign{\vskip
                          2mm}
I can't figure out why you would want to use a tab mark
or \cr or \span just now. If something like a right brace
up above has ended a previous alignment prematurely,
you're probably due for more error messages, and you
might try typing `S' now just to see what is salvageable.

/home/axo/Documents/AxoCloud/Frag Henri/AutoRechnungen/invoice.tex:153: Missing \cr inserted.
<inserted text> 
                \cr 
l.153     \noalign{\vskip
                          2mm}
I'm guessing that you meant to end an alignment here.

/home/axo/Documents/AxoCloud/Frag Henri/AutoRechnungen/invoice.tex:153: Misplaced \cr.
<inserted text> \cr 
                    
l.153     \noalign{\vskip
                          2mm}
I can't figure out why you would want to use a tab mark
or \cr or \span just now. If something like a right brace
up above has ended a previous alignment prematurely,
you're probably due for more error messages, and you
might try typing `S' now just to see what is salvageable.

/home/axo/Documents/AxoCloud/Frag Henri/AutoRechnungen/invoice.tex:153: Missing \cr inserted.
<inserted text> 
                \cr 
l.153     \noalign{\vskip
                          2mm}
I'm guessing that you meant to end an alignment here.

/home/axo/Documents/AxoCloud/Frag Henri/AutoRechnungen/invoice.tex:153: Misplaced \cr.
<inserted text> \cr 
                    
l.153     \noalign{\vskip
                          2mm}
I can't figure out why you would want to use a tab mark
or \cr or \span just now. If something like a right brace
up above has ended a previous alignment prematurely,
you're probably due for more error messages, and you
might try typing `S' now just to see what is salvageable.

/home/axo/Documents/AxoCloud/Frag Henri/AutoRechnungen/invoice.tex:153: Missing \cr inserted.
<inserted text> 
                \cr 
l.153     \noalign{\vskip
                          2mm}
I'm guessing that you meant to end an alignment here.

/home/axo/Documents/AxoCloud/Frag Henri/AutoRechnungen/invoice.tex:153: Misplaced \cr.
<inserted text> \cr 
                    
l.153     \noalign{\vskip
                          2mm}
I can't figure out why you would want to use a tab mark
or \cr or \span just now. If something like a right brace
up above has ended a previous alignment prematurely,
you're probably due for more error messages, and you
might try typing `S' now just to see what is salvageable.

/home/axo/Documents/AxoCloud/Frag Henri/AutoRechnungen/invoice.tex:153: Missing \cr inserted.
<inserted text> 
                \cr 
l.153     \noalign{\vskip
                          2mm}
I'm guessing that you meant to end an alignment here.

/home/axo/Documents/AxoCloud/Frag Henri/AutoRechnungen/invoice.tex:153: Misplaced \cr.
<inserted text> \cr 
                    
l.153     \noalign{\vskip
                          2mm}
I can't figure out why you would want to use a tab mark
or \cr or \span just now. If something like a right brace
up above has ended a previous alignment prematurely,
you're probably due for more error messages, and you
might try typing `S' now just to see what is salvageable.

/home/axo/Documents/AxoCloud/Frag Henri/AutoRechnungen/invoice.tex:153: Missing \cr inserted.
<inserted text> 
                \cr 
l.153     \noalign{\vskip
                          2mm}
I'm guessing that you meant to end an alignment here.

/home/axo/Documents/AxoCloud/Frag Henri/AutoRechnungen/invoice.tex:153: Misplaced \cr.
<inserted text> \cr 
                    
l.153     \noalign{\vskip
                          2mm}
I can't figure out why you would want to use a tab mark
or \cr or \span just now. If something like a right brace
up above has ended a previous alignment prematurely,
you're probably due for more error messages, and you
might try typing `S' now just to see what is salvageable.

/home/axo/Documents/AxoCloud/Frag Henri/AutoRechnungen/invoice.tex:153: Missing \cr inserted.
<inserted text> 
                \cr 
l.153     \noalign{\vskip
                          2mm}
I'm guessing that you meant to end an alignment here.

/home/axo/Documents/AxoCloud/Frag Henri/AutoRechnungen/invoice.tex:153: Misplaced \cr.
<inserted text> \cr 
                    
l.153     \noalign{\vskip
                          2mm}
I can't figure out why you would want to use a tab mark
or \cr or \span just now. If something like a right brace
up above has ended a previous alignment prematurely,
you're probably due for more error messages, and you
might try typing `S' now just to see what is salvageable.

/home/axo/Documents/AxoCloud/Frag Henri/AutoRechnungen/invoice.tex:153: Missing \cr inserted.
<inserted text> 
                \cr 
l.153     \noalign{\vskip
                          2mm}
I'm guessing that you meant to end an alignment here.

/home/axo/Documents/AxoCloud/Frag Henri/AutoRechnungen/invoice.tex:153: Misplaced \cr.
<inserted text> \cr 
                    
l.153     \noalign{\vskip
                          2mm}
I can't figure out why you would want to use a tab mark
or \cr or \span just now. If something like a right brace
up above has ended a previous alignment prematurely,
you're probably due for more error messages, and you
might try typing `S' now just to see what is salvageable.

/home/axo/Documents/AxoCloud/Frag Henri/AutoRechnungen/invoice.tex:153: Missing \cr inserted.
<inserted text> 
                \cr 
l.153     \noalign{\vskip
                          2mm}
I'm guessing that you meant to end an alignment here.

/home/axo/Documents/AxoCloud/Frag Henri/AutoRechnungen/invoice.tex:153: Misplaced \cr.
<inserted text> \cr 
                    
l.153     \noalign{\vskip
                          2mm}
I can't figure out why you would want to use a tab mark
or \cr or \span just now. If something like a right brace
up above has ended a previous alignment prematurely,
you're probably due for more error messages, and you
might try typing `S' now just to see what is salvageable.

/home/axo/Documents/AxoCloud/Frag Henri/AutoRechnungen/invoice.tex:153: Missing \cr inserted.
<inserted text> 
                \cr 
l.153     \noalign{\vskip
                          2mm}
I'm guessing that you meant to end an alignment here.

/home/axo/Documents/AxoCloud/Frag Henri/AutoRechnungen/invoice.tex:153: Misplaced \cr.
<inserted text> \cr 
                    
l.153     \noalign{\vskip
                          2mm}
I can't figure out why you would want to use a tab mark
or \cr or \span just now. If something like a right brace
up above has ended a previous alignment prematurely,
you're probably due for more error messages, and you
might try typing `S' now just to see what is salvageable.

/home/axo/Documents/AxoCloud/Frag Henri/AutoRechnungen/invoice.tex:153: Missing \cr inserted.
<inserted text> 
                \cr 
l.153     \noalign{\vskip
                          2mm}
(That makes 100 errors; please try again.) 
Here is how much of TeX's memory you used:
 17941 strings out of 477299
 317593 string characters out of 5838339
 683971 words of memory out of 5000000
 37314 multiletter control sequences out of 15000+600000
 407478 words of font info for 45 fonts, out of 8000000 for 9000
 1348 hyphenation exceptions out of 8191
 80i,8n,86p,356b,267s stack positions out of 5000i,500n,10000p,200000b,80000s

No pages of output.
